android/app/build/intermediates/manifest_merge_blame_file/release/manifest-merger-blame-release-report.txt
1<?xml version="1.0" encoding="utf-8"?>
2<manifest xmlns:android="http://schemas.android.com/apk/res/android"
3    package="com.doomshell.aapkepass"
4    android:versionCode="12053004"
5    android:versionName="1.7" >
6
7    <uses-sdk
8        android:minSdkVersion="21"
8-->src/main/AndroidManifest.xml
9        android:targetSdkVersion="31" />
9-->src/main/AndroidManifest.xml
10
11    <uses-permission android:name="android.permission.INTERNET" />
11-->src/main/AndroidManifest.xml:5:6-68
11-->src/main/AndroidManifest.xml:5:23-65
12    <uses-permission android:name="android.permission.ACCESS_FINE_LOCATION" />
12-->src/main/AndroidManifest.xml:6:5-79
12-->src/main/AndroidManifest.xml:6:22-76
13    <uses-permission android:name="android.permission.ACCESS_COARSE_LOCATION" />
13-->src/main/AndroidManifest.xml:7:5-80
13-->src/main/AndroidManifest.xml:7:22-78
14    <uses-permission android:name="android.permission.BIND_NOTIFICATION_LISTENER_SERVICE" />
14-->src/main/AndroidManifest.xml:8:5-9:47
14-->src/main/AndroidManifest.xml:8:22-90
15    <uses-permission android:name="android.permission.READ_PHONE_STATE" />
15-->src/main/AndroidManifest.xml:10:5-75
15-->src/main/AndroidManifest.xml:10:22-72
16    <uses-permission android:name="android.permission.WRITE_EXTERNAL_STORAGE" />
16-->src/main/AndroidManifest.xml:11:5-81
16-->src/main/AndroidManifest.xml:11:22-78
17    <uses-permission android:name="android.permission.READ_EXTERNAL_STORAGE" />
17-->src/main/AndroidManifest.xml:12:5-80
17-->src/main/AndroidManifest.xml:12:22-77
18    <uses-permission android:name="android.permission.RECEIVE_BOOT_COMPLETED" />
18-->src/main/AndroidManifest.xml:13:5-81
18-->src/main/AndroidManifest.xml:13:22-78
19    <uses-permission android:name="android.permission.VIBRATE" />
19-->src/main/AndroidManifest.xml:14:5-65
19-->src/main/AndroidManifest.xml:14:22-63
20
21    <uses-feature android:name="android.hardware.camera" />
21-->src/main/AndroidManifest.xml:15:5-59
21-->src/main/AndroidManifest.xml:15:19-57
22    <uses-feature android:name="android.hardware.camera.autofocus" />
22-->src/main/AndroidManifest.xml:16:5-69
22-->src/main/AndroidManifest.xml:16:19-67
23
24    <uses-permission android:name="android.permission.CAMERA" />
24-->src/main/AndroidManifest.xml:17:5-64
24-->src/main/AndroidManifest.xml:17:22-62
25    <uses-permission android:name="android.permission.RECORD_AUDIO" />
25-->src/main/AndroidManifest.xml:18:5-70
25-->src/main/AndroidManifest.xml:18:22-68
26    <uses-permission android:name="android.permission.FLASHLIGHT" />
26-->src/main/AndroidManifest.xml:19:5-68
26-->src/main/AndroidManifest.xml:19:22-66
27    <!-- <uses-permission android:name="android.permission.MANAGE_EXTERNAL_STORAGE" -->
28    <!-- tools:ignore="ScopedStorage" /> -->
29    <!-- <uses-permission android:name="android.permission.READ_CALL_LOG" /> -->
30    <!-- IncomingCall Permissions Start -->
31    <uses-permission android:name="android.permission.WAKE_LOCK" />
31-->src/main/AndroidManifest.xml:24:10-73
31-->src/main/AndroidManifest.xml:24:27-70
32    <uses-permission android:name="android.permission.USE_FULL_SCREEN_INTENT" />
32-->src/main/AndroidManifest.xml:25:5-81
32-->src/main/AndroidManifest.xml:25:22-78
33    <!-- <uses-permission android:name="com.google.android.c2dm.permission.RECEIVE" /> -->
34    <uses-permission android:name="android.permission.FOREGROUND_SERVICE" />
34-->src/main/AndroidManifest.xml:27:5-76
34-->src/main/AndroidManifest.xml:27:22-74
35    <uses-permission android:name="android.permission.SYSTEM_ALERT_WINDOW" />
35-->src/main/AndroidManifest.xml:28:5-77
35-->src/main/AndroidManifest.xml:28:22-75
36    <uses-permission android:name="android.permission.ACCESS_NETWORK_STATE" />
36-->[:react-native-community_netinfo] AndroidManifest.xml:9:5-79
36-->[:react-native-community_netinfo] AndroidManifest.xml:9:22-76
37    <uses-permission android:name="android.permission.ACCESS_WIFI_STATE" />
37-->[:react-native-community_netinfo] AndroidManifest.xml:10:5-76
37-->[:react-native-community_netinfo] AndroidManifest.xml:10:22-73
38    <uses-permission android:name="android.permission.MODIFY_AUDIO_SETTINGS" />
38-->[:react-native-agora] AndroidManifest.xml:14:5-80
38-->[:react-native-agora] AndroidManifest.xml:14:22-77
39    <uses-permission android:name="android.permission.BLUETOOTH" />
39-->[:react-native-agora] AndroidManifest.xml:16:5-68
39-->[:react-native-agora] AndroidManifest.xml:16:22-65
40    <uses-permission android:name="android.permission.READ_PRIVILEGED_PHONE_STATE" /> <!-- Required to access Google Play Licensing -->
40-->[:react-native-agora] AndroidManifest.xml:19:5-21:47
40-->[:react-native-agora] AndroidManifest.xml:20:9-70
41    <uses-permission android:name="com.android.vending.CHECK_LICENSE" />
41-->[:rn-fetch-blob] AndroidManifest.xml:10:5-73
41-->[:rn-fetch-blob] AndroidManifest.xml:10:22-70
42
43    <queries>
43-->[com.facebook.android:facebook-common:16.3.0] AndroidManifest.xml:17:5-19:15
44        <package android:name="com.facebook.katana" />
44-->[com.facebook.android:facebook-common:16.3.0] AndroidManifest.xml:18:9-55
44-->[com.facebook.android:facebook-common:16.3.0] AndroidManifest.xml:18:18-52
45
46        <intent>
46-->[com.razorpay:checkout:1.6.36] AndroidManifest.xml:11:9-17:18
47            <action android:name="android.intent.action.VIEW" />
47-->src/main/AndroidManifest.xml:59:15-67
47-->src/main/AndroidManifest.xml:59:23-64
48
49            <data
49-->src/main/AndroidManifest.xml:62:15-48
50                android:mimeType="*/*"
51                android:scheme="*" />
51-->src/main/AndroidManifest.xml:62:21-45
52        </intent>
53        <intent>
53-->[com.razorpay:checkout:1.6.36] AndroidManifest.xml:18:9-27:18
54            <action android:name="android.intent.action.VIEW" />
54-->src/main/AndroidManifest.xml:59:15-67
54-->src/main/AndroidManifest.xml:59:23-64
55
56            <category android:name="android.intent.category.BROWSABLE" />
56-->src/main/AndroidManifest.xml:61:15-76
56-->src/main/AndroidManifest.xml:61:25-73
57
58            <data
58-->src/main/AndroidManifest.xml:62:15-48
59                android:host="pay"
60                android:mimeType="*/*"
61                android:scheme="upi" />
61-->src/main/AndroidManifest.xml:62:21-45
62        </intent>
63        <intent>
63-->[com.razorpay:checkout:1.6.36] AndroidManifest.xml:28:9-30:18
64            <action android:name="android.intent.action.MAIN" />
64-->src/main/AndroidManifest.xml:55:13-65
64-->src/main/AndroidManifest.xml:55:21-62
65        </intent>
66        <intent>
66-->[com.razorpay:checkout:1.6.36] AndroidManifest.xml:31:9-35:18
67            <action android:name="android.intent.action.SEND" />
67-->[com.razorpay:checkout:1.6.36] AndroidManifest.xml:32:13-65
67-->[com.razorpay:checkout:1.6.36] AndroidManifest.xml:32:21-62
68
69            <data android:mimeType="*/*" />
69-->src/main/AndroidManifest.xml:62:15-48
70        </intent>
71        <intent>
71-->[com.razorpay:checkout:1.6.36] AndroidManifest.xml:36:9-38:18
72            <action android:name="rzp.device_token.share" />
72-->[com.razorpay:checkout:1.6.36] AndroidManifest.xml:37:13-61
72-->[com.razorpay:checkout:1.6.36] AndroidManifest.xml:37:21-58
73        </intent>
74    </queries>
75
76    <uses-permission android:name="com.google.android.gms.permission.AD_ID" />
76-->[com.facebook.android:facebook-core:16.3.0] AndroidManifest.xml:16:5-79
76-->[com.facebook.android:facebook-core:16.3.0] AndroidManifest.xml:16:22-76
77    <uses-permission android:name="com.google.android.finsky.permission.BIND_GET_INSTALL_REFERRER_SERVICE" /> <!-- Required by older versions of Google Play services to create IID tokens -->
77-->[com.google.android.gms:play-services-measurement:20.0.2] AndroidManifest.xml:26:5-110
77-->[com.google.android.gms:play-services-measurement:20.0.2] AndroidManifest.xml:26:22-107
78    <uses-permission android:name="com.google.android.c2dm.permission.RECEIVE" /> <!-- for android -->
78-->[com.google.firebase:firebase-messaging:23.0.0] AndroidManifest.xml:25:5-82
78-->[com.google.firebase:firebase-messaging:23.0.0] AndroidManifest.xml:25:22-79
79    <!-- <uses-permission android:name="com.android.launcher.permission.READ_SETTINGS"/> -->
80    <!-- <uses-permission android:name="com.android.launcher.permission.WRITE_SETTINGS"/> -->
81    <!-- <uses-permission android:name="com.android.launcher.permission.INSTALL_SHORTCUT" /> -->
82    <!-- <uses-permission android:name="com.android.launcher.permission.UNINSTALL_SHORTCUT" /> -->
83    <!-- for Samsung -->
84    <uses-permission android:name="com.sec.android.provider.badge.permission.READ" />
84-->[me.leolin:ShortcutBadger:1.1.22] AndroidManifest.xml:19:5-86
84-->[me.leolin:ShortcutBadger:1.1.22] AndroidManifest.xml:19:22-83
85    <uses-permission android:name="com.sec.android.provider.badge.permission.WRITE" /> <!-- for htc -->
85-->[me.leolin:ShortcutBadger:1.1.22] AndroidManifest.xml:20:5-87
85-->[me.leolin:ShortcutBadger:1.1.22] AndroidManifest.xml:20:22-84
86    <uses-permission android:name="com.htc.launcher.permission.READ_SETTINGS" />
86-->[me.leolin:ShortcutBadger:1.1.22] AndroidManifest.xml:23:5-81
86-->[me.leolin:ShortcutBadger:1.1.22] AndroidManifest.xml:23:22-78
87    <uses-permission android:name="com.htc.launcher.permission.UPDATE_SHORTCUT" /> <!-- for sony -->
87-->[me.leolin:ShortcutBadger:1.1.22] AndroidManifest.xml:24:5-83
87-->[me.leolin:ShortcutBadger:1.1.22] AndroidManifest.xml:24:22-80
88    <uses-permission android:name="com.sonyericsson.home.permission.BROADCAST_BADGE" />
88-->[me.leolin:ShortcutBadger:1.1.22] AndroidManifest.xml:27:5-88
88-->[me.leolin:ShortcutBadger:1.1.22] AndroidManifest.xml:27:22-85
89    <uses-permission android:name="com.sonymobile.home.permission.PROVIDER_INSERT_BADGE" /> <!-- for apex -->
89-->[me.leolin:ShortcutBadger:1.1.22] AndroidManifest.xml:28:5-92
89-->[me.leolin:ShortcutBadger:1.1.22] AndroidManifest.xml:28:22-89
90    <uses-permission android:name="com.anddoes.launcher.permission.UPDATE_COUNT" /> <!-- for solid -->
90-->[me.leolin:ShortcutBadger:1.1.22] AndroidManifest.xml:31:5-84
90-->[me.leolin:ShortcutBadger:1.1.22] AndroidManifest.xml:31:22-81
91    <uses-permission android:name="com.majeur.launcher.permission.UPDATE_BADGE" /> <!-- for huawei -->
91-->[me.leolin:ShortcutBadger:1.1.22] AndroidManifest.xml:34:5-83
91-->[me.leolin:ShortcutBadger:1.1.22] AndroidManifest.xml:34:22-80
92    <uses-permission android:name="com.huawei.android.launcher.permission.CHANGE_BADGE" />
92-->[me.leolin:ShortcutBadger:1.1.22] AndroidManifest.xml:37:5-91
92-->[me.leolin:ShortcutBadger:1.1.22] AndroidManifest.xml:37:22-88
93    <uses-permission android:name="com.huawei.android.launcher.permission.READ_SETTINGS" />
93-->[me.leolin:ShortcutBadger:1.1.22] AndroidManifest.xml:38:5-92
93-->[me.leolin:ShortcutBadger:1.1.22] AndroidManifest.xml:38:22-89
94    <uses-permission android:name="com.huawei.android.launcher.permission.WRITE_SETTINGS" /> <!-- for ZUK -->
94-->[me.leolin:ShortcutBadger:1.1.22] AndroidManifest.xml:39:5-93
94-->[me.leolin:ShortcutBadger:1.1.22] AndroidManifest.xml:39:22-90
95    <uses-permission android:name="android.permission.READ_APP_BADGE" /> <!-- for OPPO -->
95-->[me.leolin:ShortcutBadger:1.1.22] AndroidManifest.xml:42:5-73
95-->[me.leolin:ShortcutBadger:1.1.22] AndroidManifest.xml:42:22-70
96    <uses-permission android:name="com.oppo.launcher.permission.READ_SETTINGS" />
96-->[me.leolin:ShortcutBadger:1.1.22] AndroidManifest.xml:45:5-82
96-->[me.leolin:ShortcutBadger:1.1.22] AndroidManifest.xml:45:22-79
97    <uses-permission android:name="com.oppo.launcher.permission.WRITE_SETTINGS" /> <!-- for EvMe -->
97-->[me.leolin:ShortcutBadger:1.1.22] AndroidManifest.xml:46:5-83
97-->[me.leolin:ShortcutBadger:1.1.22] AndroidManifest.xml:46:22-80
98    <uses-permission android:name="me.everything.badger.permission.BADGE_COUNT_READ" />
98-->[me.leolin:ShortcutBadger:1.1.22] AndroidManifest.xml:49:5-88
98-->[me.leolin:ShortcutBadger:1.1.22] AndroidManifest.xml:49:22-85
99    <uses-permission android:name="me.everything.badger.permission.BADGE_COUNT_WRITE" />
99-->[me.leolin:ShortcutBadger:1.1.22] AndroidManifest.xml:50:5-89
99-->[me.leolin:ShortcutBadger:1.1.22] AndroidManifest.xml:50:22-86
100
101    <uses-feature
101-->[com.google.android.gms:play-services-maps:17.0.0] AndroidManifest.xml:26:5-28:35
102        android:glEsVersion="0x00020000"
102-->[com.google.android.gms:play-services-maps:17.0.0] AndroidManifest.xml:27:9-41
103        android:required="true" /> <!-- <permission -->
103-->[com.google.android.gms:play-services-maps:17.0.0] AndroidManifest.xml:28:9-32
104    <!-- android:name="android.permission.INTERACT_ACROSS_USERS_FULL" -->
105    <!-- android:protectionLevel="signature" /> -->
106    <!-- IncomingCall Permissions End -->
107    <application
107-->src/main/AndroidManifest.xml:33:5-92:19
108        android:name="com.doomshell.aapkepass.MainApplication"
108-->src/main/AndroidManifest.xml:34:7-38
109        android:allowBackup="false"
109-->src/main/AndroidManifest.xml:38:7-34
110        android:appComponentFactory="androidx.core.app.CoreComponentFactory"
110-->[androidx.core:core:1.6.0] AndroidManifest.xml:24:18-86
111        android:icon="@mipmap/ic_launcher"
111-->src/main/AndroidManifest.xml:36:7-41
112        android:label="@string/app_name"
112-->src/main/AndroidManifest.xml:35:7-39
113        android:requestLegacyExternalStorage="true"
113-->src/main/AndroidManifest.xml:41:7-50
114        android:roundIcon="@mipmap/ic_launcher_round"
114-->src/main/AndroidManifest.xml:37:7-52
115        android:supportsRtl="true"
115-->[:react-native-clear-cache-lcm] AndroidManifest.xml:12:9-35
116        android:theme="@style/AppTheme"
116-->src/main/AndroidManifest.xml:39:7-38
117        android:usesCleartextTraffic="true" >
117-->src/main/AndroidManifest.xml:40:7-42
118        <activity
118-->src/main/AndroidManifest.xml:45:7-64:18
119            android:name="com.doomshell.aapkepass.MainActivity"
119-->src/main/AndroidManifest.xml:46:9-37
120            android:configChanges="keyboard|keyboardHidden|orientation|screenSize|uiMode"
120-->src/main/AndroidManifest.xml:49:9-86
121            android:exported="true"
121-->src/main/AndroidManifest.xml:47:10-33
122            android:label="@string/app_name"
122-->src/main/AndroidManifest.xml:48:9-41
123            android:launchMode="singleTask"
123-->src/main/AndroidManifest.xml:50:9-40
124            android:screenOrientation="portrait"
124-->src/main/AndroidManifest.xml:51:9-45
125            android:windowSoftInputMode="adjustPan" >
125-->src/main/AndroidManifest.xml:52:9-48
126            <intent-filter>
126-->src/main/AndroidManifest.xml:54:9-57:25
127                <action android:name="android.intent.action.MAIN" />
127-->src/main/AndroidManifest.xml:55:13-65
127-->src/main/AndroidManifest.xml:55:21-62
128
129                <category android:name="android.intent.category.LAUNCHER" />
129-->src/main/AndroidManifest.xml:56:13-73
129-->src/main/AndroidManifest.xml:56:23-70
130            </intent-filter>
131            <intent-filter android:label="@string/app_name" >
131-->src/main/AndroidManifest.xml:58:11-63:27
131-->src/main/AndroidManifest.xml:58:26-58
132                <action android:name="android.intent.action.VIEW" />
132-->src/main/AndroidManifest.xml:59:15-67
132-->src/main/AndroidManifest.xml:59:23-64
133
134                <category android:name="android.intent.category.DEFAULT" />
134-->src/main/AndroidManifest.xml:60:15-74
134-->src/main/AndroidManifest.xml:60:25-71
135                <category android:name="android.intent.category.BROWSABLE" />
135-->src/main/AndroidManifest.xml:61:15-76
135-->src/main/AndroidManifest.xml:61:25-73
136
137                <data android:scheme="viauapp" />
137-->src/main/AndroidManifest.xml:62:15-48
137-->src/main/AndroidManifest.xml:62:21-45
138            </intent-filter>
139        </activity>
140        <activity android:name="com.facebook.react.devsupport.DevSettingsActivity" />
140-->src/main/AndroidManifest.xml:66:9-86
140-->src/main/AndroidManifest.xml:66:19-83
141        <!-- facebook login -->
142        <meta-data
142-->src/main/AndroidManifest.xml:68:9-107
143            android:name="com.facebook.sdk.ApplicationId"
143-->src/main/AndroidManifest.xml:68:20-65
144            android:value="@string/facebook_app_id" />
144-->src/main/AndroidManifest.xml:68:66-105
145
146        <activity
146-->src/main/AndroidManifest.xml:69:9-72:48
147            android:name="com.facebook.FacebookActivity"
147-->src/main/AndroidManifest.xml:69:19-63
148            android:configChanges="keyboard|keyboardHidden|screenLayout|screenSize|orientation"
148-->src/main/AndroidManifest.xml:70:13-113
149            android:label="@string/app_name"
149-->src/main/AndroidManifest.xml:72:13-45
150            android:theme="@style/com_facebook_activity_theme" />
150-->[com.facebook.android:facebook-common:16.3.0] AndroidManifest.xml:25:13-63
151        <activity
151-->src/main/AndroidManifest.xml:73:9-82:20
152            android:name="com.facebook.CustomTabActivity"
152-->src/main/AndroidManifest.xml:74:13-58
153            android:exported="true" >
153-->src/main/AndroidManifest.xml:75:13-36
154            <intent-filter>
154-->src/main/AndroidManifest.xml:76:13-81:29
155                <action android:name="android.intent.action.VIEW" />
155-->src/main/AndroidManifest.xml:59:15-67
155-->src/main/AndroidManifest.xml:59:23-64
156
157                <category android:name="android.intent.category.DEFAULT" />
157-->src/main/AndroidManifest.xml:60:15-74
157-->src/main/AndroidManifest.xml:60:25-71
158                <category android:name="android.intent.category.BROWSABLE" />
158-->src/main/AndroidManifest.xml:61:15-76
158-->src/main/AndroidManifest.xml:61:25-73
159
160                <data android:scheme="@string/fb_login_protocol_scheme" />
160-->src/main/AndroidManifest.xml:62:15-48
160-->src/main/AndroidManifest.xml:62:21-45
161            </intent-filter>
162            <intent-filter>
162-->[com.facebook.android:facebook-common:16.3.0] AndroidManifest.xml:31:13-40:29
163                <action android:name="android.intent.action.VIEW" />
163-->src/main/AndroidManifest.xml:59:15-67
163-->src/main/AndroidManifest.xml:59:23-64
164
165                <category android:name="android.intent.category.DEFAULT" />
165-->src/main/AndroidManifest.xml:60:15-74
165-->src/main/AndroidManifest.xml:60:25-71
166                <category android:name="android.intent.category.BROWSABLE" />
166-->src/main/AndroidManifest.xml:61:15-76
166-->src/main/AndroidManifest.xml:61:25-73
167
168                <data
168-->src/main/AndroidManifest.xml:62:15-48
169                    android:host="cct.com.doomshell.aapkepass"
170                    android:scheme="fbconnect" />
170-->src/main/AndroidManifest.xml:62:21-45
171            </intent-filter>
172        </activity>
173
174        <meta-data
174-->src/main/AndroidManifest.xml:84:9-86:89
175            android:name="com.google.firebase.messaging.default_notification_icon"
175-->src/main/AndroidManifest.xml:85:13-83
176            android:resource="@drawable/ic_stat_name" />
176-->src/main/AndroidManifest.xml:86:13-54
177        <meta-data
177-->src/main/AndroidManifest.xml:87:9-89:97
178            android:name="com.google.firebase.messaging.default_notification_color"
178-->src/main/AndroidManifest.xml:88:13-84
179            android:resource="@color/ic_launcher_background" />
179-->src/main/AndroidManifest.xml:89:13-61
180
181        <service android:name="io.invertase.firebase.messaging.ReactNativeFirebaseMessagingHeadlessService" />
181-->[:react-native-firebase_messaging] AndroidManifest.xml:14:9-111
181-->[:react-native-firebase_messaging] AndroidManifest.xml:14:18-108
182        <service
182-->[:react-native-firebase_messaging] AndroidManifest.xml:15:9-21:19
183            android:name="io.invertase.firebase.messaging.ReactNativeFirebaseMessagingService"
183-->[:react-native-firebase_messaging] AndroidManifest.xml:16:13-95
184            android:exported="false" >
184-->[:react-native-firebase_messaging] AndroidManifest.xml:17:13-37
185            <intent-filter>
185-->[:react-native-firebase_messaging] AndroidManifest.xml:18:13-20:29
186                <action android:name="com.google.firebase.MESSAGING_EVENT" />
186-->[:react-native-firebase_messaging] AndroidManifest.xml:19:17-78
186-->[:react-native-firebase_messaging] AndroidManifest.xml:19:25-75
187            </intent-filter>
188        </service>
189
190        <receiver
190-->[:react-native-firebase_messaging] AndroidManifest.xml:23:9-30:20
191            android:name="io.invertase.firebase.messaging.ReactNativeFirebaseMessagingReceiver"
191-->[:react-native-firebase_messaging] AndroidManifest.xml:24:13-96
192            android:exported="true"
192-->[:react-native-firebase_messaging] AndroidManifest.xml:25:13-36
193            android:permission="com.google.android.c2dm.permission.SEND" >
193-->[:react-native-firebase_messaging] AndroidManifest.xml:26:13-73
194            <intent-filter>
194-->[:react-native-firebase_messaging] AndroidManifest.xml:27:13-29:29
195                <action android:name="com.google.android.c2dm.intent.RECEIVE" />
195-->[:react-native-firebase_messaging] AndroidManifest.xml:28:17-81
195-->[:react-native-firebase_messaging] AndroidManifest.xml:28:25-78
196            </intent-filter>
197        </receiver>
198
199        <meta-data
199-->[:react-native-firebase_messaging] AndroidManifest.xml:32:9-34:36
200            android:name="firebase_messaging_auto_init_enabled"
200-->[:react-native-firebase_messaging] AndroidManifest.xml:33:13-64
201            android:value="true" />
201-->[:react-native-firebase_messaging] AndroidManifest.xml:34:13-33
202        <meta-data
202-->[:react-native-firebase_messaging] AndroidManifest.xml:35:9-37:32
203            android:name="com.google.firebase.messaging.default_notification_channel_id"
203-->[:react-native-firebase_messaging] AndroidManifest.xml:36:13-89
204            android:value="" />
204-->[:react-native-firebase_messaging] AndroidManifest.xml:37:13-29
205        <meta-data
205-->[:react-native-firebase_app] AndroidManifest.xml:10:9-12:36
206            android:name="app_data_collection_default_enabled"
206-->[:react-native-firebase_app] AndroidManifest.xml:11:13-63
207            android:value="true" />
207-->[:react-native-firebase_app] AndroidManifest.xml:12:13-33
208
209        <service
209-->[:react-native-firebase_app] AndroidManifest.xml:14:9-18:19
210            android:name="com.google.firebase.components.ComponentDiscoveryService"
210-->[:react-native-firebase_app] AndroidManifest.xml:14:18-89
211            android:directBootAware="true"
211-->[com.google.firebase:firebase-common:20.0.0] AndroidManifest.xml:35:13-43
212            android:exported="false" >
212-->[com.google.firebase:firebase-auth:21.0.1] AndroidManifest.xml:76:13-37
213            <meta-data
213-->[:react-native-firebase_app] AndroidManifest.xml:15:13-17:85
214                android:name="com.google.firebase.components:io.invertase.firebase.app.ReactNativeFirebaseAppRegistrar"
214-->[:react-native-firebase_app] AndroidManifest.xml:16:17-120
215                android:value="com.google.firebase.components.ComponentRegistrar" />
215-->[:react-native-firebase_app] AndroidManifest.xml:17:17-82
216            <meta-data
216-->[com.google.firebase:firebase-auth:21.0.1] AndroidManifest.xml:77:13-79:85
217                android:name="com.google.firebase.components:com.google.firebase.auth.FirebaseAuthRegistrar"
217-->[com.google.firebase:firebase-auth:21.0.1] AndroidManifest.xml:78:17-109
218                android:value="com.google.firebase.components.ComponentRegistrar" />
218-->[com.google.firebase:firebase-auth:21.0.1] AndroidManifest.xml:79:17-82
219            <meta-data
219-->[com.google.firebase:firebase-analytics-ktx:20.0.2] AndroidManifest.xml:11:13-13:85
220                android:name="com.google.firebase.components:com.google.firebase.analytics.ktx.FirebaseAnalyticsKtxRegistrar"
220-->[com.google.firebase:firebase-analytics-ktx:20.0.2] AndroidManifest.xml:12:17-126
221                android:value="com.google.firebase.components.ComponentRegistrar" />
221-->[com.google.firebase:firebase-analytics-ktx:20.0.2] AndroidManifest.xml:13:17-82
222            <meta-data
222-->[com.google.firebase:firebase-messaging:23.0.0] AndroidManifest.xml:52:13-54:85
223                android:name="com.google.firebase.components:com.google.firebase.messaging.FirebaseMessagingRegistrar"
223-->[com.google.firebase:firebase-messaging:23.0.0] AndroidManifest.xml:53:17-119
224                android:value="com.google.firebase.components.ComponentRegistrar" />
224-->[com.google.firebase:firebase-messaging:23.0.0] AndroidManifest.xml:54:17-82
225            <meta-data
225-->[com.google.firebase:firebase-database:20.0.3] AndroidManifest.xml:32:13-34:85
226                android:name="com.google.firebase.components:com.google.firebase.database.DatabaseRegistrar"
226-->[com.google.firebase:firebase-database:20.0.3] AndroidManifest.xml:33:17-109
227                android:value="com.google.firebase.components.ComponentRegistrar" />
227-->[com.google.firebase:firebase-database:20.0.3] AndroidManifest.xml:34:17-82
228            <meta-data
228-->[com.google.firebase:firebase-datatransport:18.0.0] AndroidManifest.xml:28:13-30:85
229                android:name="com.google.firebase.components:com.google.firebase.datatransport.TransportRegistrar"
229-->[com.google.firebase:firebase-datatransport:18.0.0] AndroidManifest.xml:29:17-115
230                android:value="com.google.firebase.components.ComponentRegistrar" />
230-->[com.google.firebase:firebase-datatransport:18.0.0] AndroidManifest.xml:30:17-82
231            <meta-data
231-->[com.google.firebase:firebase-common-ktx:20.0.0] AndroidManifest.xml:15:13-17:85
232                android:name="com.google.firebase.components:com.google.firebase.ktx.FirebaseCommonKtxRegistrar"
232-->[com.google.firebase:firebase-common-ktx:20.0.0] AndroidManifest.xml:16:17-113
233                android:value="com.google.firebase.components.ComponentRegistrar" />
233-->[com.google.firebase:firebase-common-ktx:20.0.0] AndroidManifest.xml:17:17-82
234            <meta-data
234-->[com.google.android.gms:play-services-measurement-api:20.0.2] AndroidManifest.xml:30:13-32:85
235                android:name="com.google.firebase.components:com.google.firebase.analytics.connector.internal.AnalyticsConnectorRegistrar"
235-->[com.google.android.gms:play-services-measurement-api:20.0.2] AndroidManifest.xml:31:17-139
236                android:value="com.google.firebase.components.ComponentRegistrar" />
236-->[com.google.android.gms:play-services-measurement-api:20.0.2] AndroidManifest.xml:32:17-82
237            <meta-data
237-->[com.google.firebase:firebase-installations:17.0.0] AndroidManifest.xml:18:13-20:85
238                android:name="com.google.firebase.components:com.google.firebase.installations.FirebaseInstallationsRegistrar"
238-->[com.google.firebase:firebase-installations:17.0.0] AndroidManifest.xml:19:17-127
239                android:value="com.google.firebase.components.ComponentRegistrar" />
239-->[com.google.firebase:firebase-installations:17.0.0] AndroidManifest.xml:20:17-82
240        </service>
241
242        <provider
242-->[:react-native-firebase_app] AndroidManifest.xml:20:9-24:38
243            android:name="io.invertase.firebase.app.ReactNativeFirebaseAppInitProvider"
243-->[:react-native-firebase_app] AndroidManifest.xml:21:13-88
244            android:authorities="com.doomshell.aapkepass.reactnativefirebaseappinitprovider"
244-->[:react-native-firebase_app] AndroidManifest.xml:22:13-86
245            android:exported="false"
245-->[:react-native-firebase_app] AndroidManifest.xml:23:13-37
246            android:initOrder="99" />
246-->[:react-native-firebase_app] AndroidManifest.xml:24:13-35
247        <provider
247-->[:react-native-image-picker] AndroidManifest.xml:10:9-18:20
248            android:name="com.imagepicker.FileProvider"
248-->[:react-native-image-picker] AndroidManifest.xml:11:13-56
249            android:authorities="com.doomshell.aapkepass.provider"
249-->[:react-native-image-picker] AndroidManifest.xml:12:13-60
250            android:exported="false"
250-->[:react-native-image-picker] AndroidManifest.xml:13:13-37
251            android:grantUriPermissions="true" >
251-->[:react-native-image-picker] AndroidManifest.xml:14:13-47
252            <meta-data
252-->[:react-native-image-picker] AndroidManifest.xml:15:13-17:58
253                android:name="android.support.FILE_PROVIDER_PATHS"
253-->[:react-native-image-picker] AndroidManifest.xml:16:17-67
254                android:resource="@xml/provider_paths" />
254-->[:react-native-image-picker] AndroidManifest.xml:17:17-55
255        </provider>
256
257        <activity
257-->[:react-native-razorpay] AndroidManifest.xml:10:9-12:86
258            android:name="com.razorpay.CheckoutActivity"
258-->[:react-native-razorpay] AndroidManifest.xml:11:13-57
259            android:configChanges="keyboard|keyboardHidden|orientation|screenSize"
259-->[:react-native-razorpay] AndroidManifest.xml:12:13-83
260            android:exported="false"
260-->[com.razorpay:checkout:1.6.36] AndroidManifest.xml:54:13-37
261            android:theme="@style/CheckoutTheme" >
261-->[com.razorpay:checkout:1.6.36] AndroidManifest.xml:55:13-49
262            <intent-filter>
262-->[com.razorpay:checkout:1.6.36] AndroidManifest.xml:56:13-58:29
263                <action android:name="android.intent.action.MAIN" />
263-->src/main/AndroidManifest.xml:55:13-65
263-->src/main/AndroidManifest.xml:55:21-62
264            </intent-filter>
265        </activity>
266
267        <provider
267-->[:react-native-share] AndroidManifest.xml:10:9-18:20